<?xml version="1.0" encoding="UTF-8"?>
<!-- Generated by org.testng.reporters.JUnitXMLReporter -->
<testsuite ignored="0" hostname="DESKTOP-379USB3" failures="0" tests="6" name="Default test" time="16.25" errors="0" timestamp="2023-03-23T22:11:29 IST">
  <testcase classname="api.test.DDTests" name="testPostUser" time="4.802"/>
  <testcase classname="api.test.DDTests" name="testPostUser" time="1.53"/>
  <testcase classname="api.test.DDTests" name="testPostUser" time="1.444"/>
  <testcase classname="api.test.DDTests" name="testDeleteUser" time="1.505"/>
  <testcase classname="api.test.DDTests" name="testDeleteUser" time="1.477"/>
  <testcase classname="api.test.DDTests" name="testDeleteUser" time="1.491"/>
</testsuite> <!-- Default test -->
