<?xml version="1.0" encoding="UTF-8"?>
<!-- Generated by org.testng.reporters.JUnitXMLReporter -->
<testsuite ignored="0" hostname="DESKTOP-379USB3" failures="0" tests="3" name="Default test" time="10.661" errors="0" timestamp="2023-03-23T07:10:39 IST">
  <testcase classname="api.test.UserTests" name="testPostUser" time="5.151"/>
  <testcase classname="api.test.UserTests" name="testGetUserByName" time="1.553"/>
  <testcase classname="api.test.UserTests" name="testUpdateUserbyName" time="3.011"/>
</testsuite> <!-- Default test -->
