<?xml version="1.0" encoding="UTF-8"?>
<testng-results ignored="0" total="3" passed="3" failed="0" skipped="0">
  <reporter-output>
  </reporter-output>
  <suite started-at="2023-03-27T22:46:25 IST" name="Default suite" finished-at="2023-03-27T22:46:35 IST" duration-ms="9472">
    <groups>
    </groups>
    <test started-at="2023-03-27T22:46:25 IST" name="Default test" finished-at="2023-03-27T22:46:35 IST" duration-ms="9472">
      <class name="api.test.PetTests">
        <test-method is-config="true" signature="setupData()[pri:0, instance:api.test.PetTests@36902638]" started-at="2023-03-27T22:46:25 IST" name="setupData" finished-at="2023-03-27T22:46:25 IST" duration-ms="114" status="PASS">
          <reporter-output>
          </reporter-output>
        </test-method> <!-- setupData -->
        <test-method signature="testPostPet()[pri:1, instance:api.test.PetTests@36902638]" started-at="2023-03-27T22:46:25 IST" name="testPostPet" finished-at="2023-03-27T22:46:30 IST" duration-ms="4818" status="PASS">
          <reporter-output>
          </reporter-output>
        </test-method> <!-- testPostPet -->
        <test-method signature="testGetPet()[pri:2, instance:api.test.PetTests@36902638]" started-at="2023-03-27T22:46:30 IST" name="testGetPet" finished-at="2023-03-27T22:46:33 IST" duration-ms="2653" status="PASS">
          <reporter-output>
          </reporter-output>
        </test-method> <!-- testGetPet -->
        <test-method signature="testDeletePet()[pri:4, instance:api.test.PetTests@36902638]" started-at="2023-03-27T22:46:33 IST" name="testDeletePet" finished-at="2023-03-27T22:46:35 IST" duration-ms="1811" status="PASS">
          <reporter-output>
          </reporter-output>
        </test-method> <!-- testDeletePet -->
      </class> <!-- api.test.PetTests -->
    </test> <!-- Default test -->
  </suite> <!-- Default suite -->
</testng-results>
